<?xml version="1.0" encoding="UTF-8"?>
<!-- Generated by org.testng.reporters.JUnitReportReporter -->
<testsuite skipped="0" hostname="DELL" name="BlogTesting.UpdatePostsAPI" tests="4" failures="0" timestamp="07 Feb 2019 10:42:55 GMT" time="2.003" errors="0">
  <testcase name="InvalidPostId" time="0.425" classname="BlogTesting.UpdatePostsAPI"/>
  <testcase name="InvalidUserId" time="0.256" classname="BlogTesting.UpdatePostsAPI"/>
  <testcase name="MatchingBlogAuthor" time="0.000" classname="BlogTesting.UpdatePostsAPI"/>
  <testcase name="UpdatingPosts" time="1.322" classname="BlogTesting.UpdatePostsAPI"/>
</testsuite> <!-- BlogTesting.UpdatePostsAPI -->
