<?xml version="1.0" encoding="UTF-8"?>
<!-- Generated by org.testng.reporters.JUnitReportReporter -->
<testsuite skipped="0" hostname="DELL" name="BlogTesting.LoginAPITest" tests="5" failures="0" timestamp="06 Feb 2019 10:50:15 GMT" time="44.290" errors="0">
  <testcase name="LoginCorrectCredentials" time="42.820" classname="BlogTesting.LoginAPITest"/>
  <testcase name="LoginEmptyUSername" time="0.062" classname="BlogTesting.LoginAPITest"/>
  <testcase name="LoginEmptyPAssword" time="0.079" classname="BlogTesting.LoginAPITest"/>
  <testcase name="Logininvalidusername" time="1.126" classname="BlogTesting.LoginAPITest"/>
  <testcase name="Login_unuthorized" time="0.203" classname="BlogTesting.LoginAPITest"/>
</testsuite> <!-- BlogTesting.LoginAPITest -->
