<?xml version="1.0" encoding="UTF-8"?>
<!-- Generated by org.testng.reporters.JUnitReportReporter -->
<testsuite skipped="0" hostname="DELL" name="BlogTesting.RegisterAPITest" tests="3" failures="0" timestamp="07 Feb 2019 11:22:43 GMT" time="5.813" errors="0">
  <testcase name="RegisterValidCredentials" time="4.672" classname="BlogTesting.RegisterAPITest"/>
  <testcase name="RegisterExistingUsername" time="0.584" classname="BlogTesting.RegisterAPITest"/>
  <testcase name="RegisterExistingEmail" time="0.557" classname="BlogTesting.RegisterAPITest"/>
</testsuite> <!-- BlogTesting.RegisterAPITest -->
