<?xml version="1.0" encoding="UTF-8"?>
<!-- Generated by org.testng.reporters.JUnitReportReporter -->
<testsuite skipped="0" hostname="DELL" name="JIRAAPITesting.JIRAUpdateComment" tests="1" failures="0" timestamp="06 Feb 2019 09:29:07 GMT" time="23.051" errors="0">
  <testcase name="JIRAAPI" time="23.051" classname="JIRAAPITesting.JIRAUpdateComment"/>
</testsuite> <!-- JIRAAPITesting.JIRAUpdateComment -->
