<?xml version="1.0" encoding="UTF-8"?>
<!-- Generated by org.testng.reporters.JUnitReportReporter -->
<testsuite skipped="0" hostname="DELL" name="BlogTesting.GetAllBlogsAPITest" tests="4" failures="0" timestamp="07 Feb 2019 10:24:19 GMT" time="9.411" errors="0">
  <testcase name="getBlogs" time="0.019" classname="BlogTesting.GetAllBlogsAPITest"/>
  <testcase name="InvalidUserId" time="1.329" classname="BlogTesting.GetAllBlogsAPITest"/>
  <testcase name="getParticularBlog" time="7.577" classname="BlogTesting.GetAllBlogsAPITest"/>
  <testcase name="InvalidPostId" time="0.486" classname="BlogTesting.GetAllBlogsAPITest"/>
</testsuite> <!-- BlogTesting.GetAllBlogsAPITest -->
