<?xml version="1.0" encoding="UTF-8"?>
<!-- Generated by org.testng.reporters.JUnitReportReporter -->
<testsuite skipped="0" hostname="DELL" name="BlogTesting.DeletePostsAPITest" tests="5" failures="0" timestamp="07 Feb 2019 11:15:42 GMT" time="4.468" errors="0">
  <testcase name="InvalidPostId" time="0.375" classname="BlogTesting.DeletePostsAPITest"/>
  <testcase name="InvalidUserId" time="2.079" classname="BlogTesting.DeletePostsAPITest"/>
  <testcase name="MatchingBlogAuthor" time="0.016" classname="BlogTesting.DeletePostsAPITest"/>
  <testcase name="deletePosts" time="0.841" classname="BlogTesting.DeletePostsAPITest"/>
  <testcase name="checkIfDeleted" time="1.157" classname="BlogTesting.DeletePostsAPITest"/>
</testsuite> <!-- BlogTesting.DeletePostsAPITest -->
