<?xml version="1.0" encoding="UTF-8"?>
<!-- Generated by org.testng.reporters.JUnitReportReporter -->
<testsuite skipped="0" hostname="DELL" name="JIRAAPITesting.JIRACreateIssue" tests="1" failures="0" timestamp="06 Feb 2019 09:22:53 GMT" time="14.816" errors="0">
  <testcase name="JIRAAPI" time="14.816" classname="JIRAAPITesting.JIRACreateIssue"/>
</testsuite> <!-- JIRAAPITesting.JIRACreateIssue -->
