<?xml version="1.0" encoding="UTF-8"?>
<!-- Generated by org.testng.reporters.JUnitReportReporter -->
<testsuite skipped="0" hostname="DELL" name="JIRAAPITesting.JIRAIssueApitest" tests="1" failures="0" timestamp="06 Feb 2019 09:10:14 GMT" time="3.991" errors="0">
  <testcase name="JIRAAPI" time="3.991" classname="JIRAAPITesting.JIRAIssueApitest"/>
</testsuite> <!-- JIRAAPITesting.JIRAIssueApitest -->
