<?xml version="1.0" encoding="UTF-8"?>
<!-- Generated by org.testng.reporters.JUnitReportReporter -->
<testsuite skipped="0" hostname="DELL" name="JIRAAPITesting.JIRAAddcommenttesting" tests="1" failures="0" timestamp="06 Feb 2019 09:25:06 GMT" time="6.627" errors="0">
  <testcase name="JIRAAPI" time="6.627" classname="JIRAAPITesting.JIRAAddcommenttesting"/>
</testsuite> <!-- JIRAAPITesting.JIRAAddcommenttesting -->
