<?xml version="1.0" encoding="UTF-8"?>
<!-- Generated by org.testng.reporters.JUnitReportReporter -->
<testsuite skipped="0" hostname="DELL" name="JIRAAPITesting.JIRAApitest" tests="1" failures="0" timestamp="06 Feb 2019 09:07:06 GMT" time="15.500" errors="0">
  <testcase name="JIRAAPI" time="15.500" classname="JIRAAPITesting.JIRAApitest"/>
</testsuite> <!-- JIRAAPITesting.JIRAApitest -->
