<?xml version="1.0" encoding="UTF-8"?>
<!-- Generated by org.testng.reporters.JUnitReportReporter -->
<testsuite skipped="0" hostname="DELL" name="BlogTesting.RegisterAPITest" tests="3" failures="0" timestamp="05 Feb 2019 13:52:33 GMT" time="6.864" errors="0">
  <testcase name="RegisterValidCredentials" time="4.578" classname="BlogTesting.RegisterAPITest"/>
  <testcase name="RegisterExistingUsername" time="1.407" classname="BlogTesting.RegisterAPITest"/>
  <testcase name="RegisterExistingEmail" time="0.879" classname="BlogTesting.RegisterAPITest"/>
</testsuite> <!-- BlogTesting.RegisterAPITest -->
