<?xml version="1.0" encoding="UTF-8"?>
<!-- Generated by org.testng.reporters.JUnitReportReporter -->
<testsuite skipped="0" hostname="DELL" name="BlogTesting.FullAPITesting" tests="6" failures="0" timestamp="07 Feb 2019 11:46:37 GMT" time="15.423" errors="0">
  <testcase name="registering" time="4.952" classname="BlogTesting.FullAPITesting"/>
  <testcase name="login" time="2.189" classname="BlogTesting.FullAPITesting"/>
  <testcase name="gettingAllBlogs" time="1.357" classname="BlogTesting.FullAPITesting"/>
  <testcase name="postBlogs" time="3.924" classname="BlogTesting.FullAPITesting"/>
  <testcase name="gettingdefinedBlogs" time="2.249" classname="BlogTesting.FullAPITesting"/>
  <testcase name="updateBlogs" time="0.752" classname="BlogTesting.FullAPITesting"/>
</testsuite> <!-- BlogTesting.FullAPITesting -->
