<?xml version="1.0" encoding="UTF-8"?>
<!-- Generated by org.testng.reporters.JUnitReportReporter -->
<testsuite skipped="0" hostname="DELL" name="BlogTesting.LoginAPITest" tests="5" failures="0" timestamp="07 Feb 2019 07:05:21 GMT" time="8.418" errors="0">
  <testcase name="LoginCorrectCredentials" time="6.553" classname="BlogTesting.LoginAPITest"/>
  <testcase name="LoginEmptyUSername" time="0.092" classname="BlogTesting.LoginAPITest"/>
  <testcase name="Login_unuthorized" time="1.486" classname="BlogTesting.LoginAPITest"/>
  <testcase name="LoginEmptyPAssword" time="0.075" classname="BlogTesting.LoginAPITest"/>
  <testcase name="Logininvalidusername" time="0.212" classname="BlogTesting.LoginAPITest"/>
</testsuite> <!-- BlogTesting.LoginAPITest -->
