<?xml version="1.0" encoding="UTF-8"?>
<!-- Generated by org.testng.reporters.JUnitReportReporter -->
<testsuite skipped="0" hostname="DELL" name="Inventorytesting.GetRequestTest" tests="1" failures="0" timestamp="07 Feb 2019 12:40:07 GMT" time="13.952" errors="0">
  <testcase name="Getting" time="13.952" classname="Inventorytesting.GetRequestTest"/>
</testsuite> <!-- Inventorytesting.GetRequestTest -->
