<?xml version="1.0" encoding="UTF-8"?>
<!-- Generated by org.testng.reporters.JUnitReportReporter -->
<testsuite skipped="0" hostname="DELL" name="BlogTesting.PostBlogsAPITest" tests="3" failures="0" timestamp="06 Feb 2019 14:07:20 GMT" time="4.686" errors="0">
  <testcase name="PostingBlogInvalidUser" time="0.210" classname="BlogTesting.PostBlogsAPITest"/>
  <testcase name="PostingBlogs" time="2.319" classname="BlogTesting.PostBlogsAPITest"/>
  <testcase name="CheckingPostingBlogs" time="2.157" classname="BlogTesting.PostBlogsAPITest"/>
</testsuite> <!-- BlogTesting.PostBlogsAPITest -->
